<?xml version="1.0" encoding="UTF-8"?>
<!-- Generated by org.testng.reporters.JUnitReportReporter -->
<testsuite ignored="0" hostname="DESKTOP-3I2N5J5" failures="0" tests="1" name="JerryBen.Action2Phone.TesTseT" time="11.113" errors="0" timestamp="14 Aug 2020 04:11:55 GMT" skipped="0">
  <testcase classname="JerryBen.Action2Phone.TesTseT" name="landingPageTest" time="11.113"/>
</testsuite> <!-- JerryBen.Action2Phone.TesTseT -->
