<?xml version="1.0" encoding="UTF-8"?>
<!-- Generated by org.testng.reporters.JUnitReportReporter -->
<testsuite ignored="0" hostname="DESKTOP-3I2N5J5" failures="0" tests="1" name="JerryBen.Action2Phone.Socials" time="8.552" errors="0" timestamp="14 Aug 2020 02:20:41 GMT" skipped="0">
  <testcase classname="JerryBen.Action2Phone.Socials" name="openSocials" time="8.552"/>
</testsuite> <!-- JerryBen.Action2Phone.Socials -->
