<?xml version="1.0" encoding="UTF-8"?>
<!-- Generated by org.testng.reporters.JUnitReportReporter -->
<testsuite ignored="0" hostname="DESKTOP-3I2N5J5" failures="0" tests="2" name="JerryBen.Action2Phone.HappyPath" time="9.460" errors="0" timestamp="15 Aug 2020 14:34:35 GMT" skipped="0">
  <testcase classname="JerryBen.Action2Phone.HappyPath" name="messageBoxDisplayed" time="3.233"/>
  <testcase classname="JerryBen.Action2Phone.HappyPath" name="phonePath" time="6.227"/>
</testsuite> <!-- JerryBen.Action2Phone.HappyPath -->
