<?xml version="1.0" encoding="UTF-8"?>
<!-- Generated by org.testng.reporters.JUnitReportReporter -->
<testsuite ignored="0" hostname="DESKTOP-3I2N5J5" failures="0" tests="1" name="JerryBen.Action2Phone.Errors" time="4.046" errors="0" timestamp="15 Aug 2020 00:14:56 GMT" skipped="0">
  <testcase classname="JerryBen.Action2Phone.Errors" name="navigationBars" time="4.046"/>
</testsuite> <!-- JerryBen.Action2Phone.Errors -->
