<?xml version="1.0" encoding="UTF-8"?>
<!-- Generated by org.testng.reporters.JUnitReportReporter -->
<testsuite skipped="0" hostname="DESKTOP-3I2N5J5" name="JerryBen.Action2Phone.AppTest" tests="1" failures="0" timestamp="2020-08-13T18:09:31 EDT" time="0.002" errors="0">
  <testcase name="testApp" time="0.002" classname="JerryBen.Action2Phone.AppTest"/>
  <system-out/>
</testsuite> <!-- JerryBen.Action2Phone.AppTest -->
